0 info it worked if it ends with ok
1 verbose cli [ 'D:\\node\\node\\node.exe',
1 verbose cli   'D:\\node\\node\\node_modules\\npm\\bin\\npm-cli.js',
1 verbose cli   'start' ]
2 info using npm@3.10.10
3 info using node@v6.11.1
4 verbose run-script [ 'prestart', 'start', 'poststart' ]
5 info lifecycle lesson@0.0.0~prestart: lesson@0.0.0
6 silly lifecycle lesson@0.0.0~prestart: no script for prestart, continuing
7 info lifecycle lesson@0.0.0~start: lesson@0.0.0
8 verbose lifecycle lesson@0.0.0~start: unsafe-perm in lifecycle true
9 verbose lifecycle lesson@0.0.0~start: PATH: D:\node\node\node_modules\npm\bin\node-gyp-bin;G:\workspace\node\angular\lesson\node_modules\.bin;D:\python\python3\Scripts\;D:\python\python3\;C:\ProgramData\Oracle\Java\javapath;C:\Program Files (x86)\Intel\iCLS Client\;C:\Program Files\Intel\iCLS Client\;C:\Windows\system32;C:\Windows;C:\Windows\System32\Wbem;C:\Windows\System32\WindowsPowerShell\v1.0\;C:\Program Files (x86)\Intel\Intel(R) Management Engine Components\DAL;C:\Program Files\Intel\Intel(R) Management Engine Components\DAL;C:\Program Files (x86)\Intel\Intel(R) Management Engine Components\IPT;C:\Program Files\Intel\Intel(R) Management Engine Components\IPT;C:\Program Files (x86)\NVIDIA Corporation\PhysX\Common;C:\Windows\system32;C:\Windows;C:\Windows\System32\Wbem;C:\Windows\System32\WindowsPowerShell\v1.0\;D:\java\jdk\bin;D:\java\jdk\jre\bin;D:\tools\git\git\Git\cmd;D:\tools\maven\apache-maven-3.3.9\bin;D:\golang\go\\bin;D:\tools\gradle\gradle-3.5\bin;D:\node\node\;D:\tools\git\bin;D:\tools\svn\bin;C:\Users\xy\AppData\Local\atom\bin;D:\tools\vscode\Code\bin;D:\python\python3;C:\Users\xy\AppData\Roaming\npm;C:\Users\xy\AppData\Roaming\Python\Python35\Scripts
10 verbose lifecycle lesson@0.0.0~start: CWD: G:\workspace\node\angular\lesson
11 silly lifecycle lesson@0.0.0~start: Args: [ '/d /s /c', 'ng serve --proxy-config proxy.conf.json' ]
12 silly lifecycle lesson@0.0.0~start: Returned: code: 3221225786  signal: null
13 info lifecycle lesson@0.0.0~start: Failed to exec start script
14 verbose stack Error: lesson@0.0.0 start: `ng serve --proxy-config proxy.conf.json`
14 verbose stack Exit status 3221225786
14 verbose stack     at EventEmitter.<anonymous> (D:\node\node\node_modules\npm\lib\utils\lifecycle.js:255:16)
14 verbose stack     at emitTwo (events.js:106:13)
14 verbose stack     at EventEmitter.emit (events.js:191:7)
14 verbose stack     at ChildProcess.<anonymous> (D:\node\node\node_modules\npm\lib\utils\spawn.js:40:14)
14 verbose stack     at emitTwo (events.js:106:13)
14 verbose stack     at ChildProcess.emit (events.js:191:7)
14 verbose stack     at maybeClose (internal/child_process.js:891:16)
14 verbose stack     at Process.ChildProcess._handle.onexit (internal/child_process.js:226:5)
15 verbose pkgid lesson@0.0.0
16 verbose cwd G:\workspace\node\angular\lesson
17 error Windows_NT 10.0.10240
18 error argv "D:\\node\\node\\node.exe" "D:\\node\\node\\node_modules\\npm\\bin\\npm-cli.js" "start"
19 error node v6.11.1
20 error npm  v3.10.10
21 error code ELIFECYCLE
22 error lesson@0.0.0 start: `ng serve --proxy-config proxy.conf.json`
22 error Exit status 3221225786
23 error Failed at the lesson@0.0.0 start script 'ng serve --proxy-config proxy.conf.json'.
23 error Make sure you have the latest version of node.js and npm installed.
23 error If you do, this is most likely a problem with the lesson package,
23 error not with npm itself.
23 error Tell the author that this fails on your system:
23 error     ng serve --proxy-config proxy.conf.json
23 error You can get information on how to open an issue for this project with:
23 error     npm bugs lesson
23 error Or if that isn't available, you can get their info via:
23 error     npm owner ls lesson
23 error There is likely additional logging output above.
24 verbose exit [ 1, true ]
